<?xml version="1.0" encoding="UTF-8"?>
<!-- Generated by org.testng.reporters.JUnitXMLReporter -->
<testsuite hostname="DESKTOP-9RP06A2" ignored="0" name="Test" tests="9" failures="0" timestamp="15 Dec 2020 06:48:48 GMT" time="0.109" errors="0">
  <testcase name="testa1" time="0.016" classname="org.pro.A"/>
  <testcase name="testa3" time="0.031" classname="org.pro.A"/>
  <testcase name="testa2" time="0.031" classname="org.pro.A"/>
  <testcase name="testb1" time="0.031" classname="org.pro.B"/>
  <testcase name="testb2" time="0.031" classname="org.pro.B"/>
  <testcase name="testc2" time="0.0" classname="org.pro.C"/>
  <testcase name="testc3" time="0.0" classname="org.pro.C"/>
  <testcase name="testc1" time="0.016" classname="org.pro.C"/>
  <testcase name="testb3" time="0.016" classname="org.pro.B"/>
</testsuite> <!-- Test -->
